# JRE version: OpenJDK Runtime Environment (11.0.15) (build 11.0.15+0-b2043.56-9505619)
# Java VM: OpenJDK 64-Bit Server VM (11.0.15+0-b2043.56-9505619, mixed mode, tiered, compressed oops, g1 gc, windows-amd64)
Heap:
 garbage-first heap   total 425984K, used 356661K [0x0000000080000000, 0x0000000100000000)
  region size 1024K, 243 young (248832K), 11 survivors (11264K)
 Metaspace       used 50319K, capacity 51689K, committed 51888K, reserved 1093632K
  class space    used 6388K, capacity 6885K, committed 6912K, reserved 1048576K
GC Heap History (20 events):
Event: 31.705 GC heap after
{Heap after GC invocations=59 (full 0):
 garbage-first heap   total 356352K, used 117952K [0x0000000080000000, 0x0000000100000000)
  region size 1024K, 14 young (14336K), 14 survivors (14336K)
 Metaspace       used 50309K, capacity 51685K, committed 51888K, reserved 1093632K
  class space    used 6388K, capacity 6885K, committed 6912K, reserved 1048576K
}
Event: 31.977 GC heap before
{Heap before GC invocations=59 (full 0):
 garbage-first heap   total 356352K, used 305344K [0x0000000080000000, 0x0000000100000000)
  region size 1024K, 197 young (201728K), 14 survivors (14336K)
 Metaspace       used 50309K, capacity 51685K, committed 51888K, reserved 1093632K
  class space    used 6388K, capacity 6885K, committed 6912K, reserved 1048576K
}
Event: 31.987 GC heap after
{Heap after GC invocations=60 (full 0):
 garbage-first heap   total 356352K, used 118968K [0x0000000080000000, 0x0000000100000000)
  region size 1024K, 15 young (15360K), 15 survivors (15360K)
 Metaspace       used 50309K, capacity 51685K, committed 51888K, reserved 1093632K
  class space    used 6388K, capacity 6885K, committed 6912K, reserved 1048576K
}
Event: 32.334 GC heap before
{Heap before GC invocations=60 (full 0):
 garbage-first heap   total 356352K, used 303288K [0x0000000080000000, 0x0000000100000000)
  region size 1024K, 196 young (200704K), 15 survivors (15360K)
 Metaspace       used 50309K, capacity 51685K, committed 51888K, reserved 1093632K
  class space    used 6388K, capacity 6885K, committed 6912K, reserved 1048576K
}
Event: 32.346 GC heap after
{Heap after GC invocations=61 (full 0):
 garbage-first heap   total 356352K, used 121550K [0x0000000080000000, 0x0000000100000000)
  region size 1024K, 13 young (13312K), 13 survivors (13312K)
 Metaspace       used 50309K, capacity 51685K, committed 51888K, reserved 1093632K
  class space    used 6388K, capacity 6885K, committed 6912K, reserved 1048576K
}
Event: 32.612 GC heap before
{Heap before GC invocations=61 (full 0):
 garbage-first heap   total 356352K, used 305870K [0x0000000080000000, 0x0000000100000000)
  region size 1024K, 193 young (197632K), 13 survivors (13312K)
 Metaspace       used 50310K, capacity 51685K, committed 51888K, reserved 1093632K
  class space    used 6388K, capacity 6885K, committed 6912K, reserved 1048576K
}
Event: 32.620 GC heap after
{Heap after GC invocations=62 (full 0):
 garbage-first heap   total 356352K, used 122574K [0x0000000080000000, 0x0000000100000000)
  region size 1024K, 14 young (14336K), 14 survivors (14336K)
 Metaspace       used 50310K, capacity 51685K, committed 51888K, reserved 1093632K
  class space    used 6388K, capacity 6885K, committed 6912K, reserved 1048576K
}
Event: 32.844 GC heap before
{Heap before GC invocations=62 (full 0):
 garbage-first heap   total 356352K, used 304846K [0x0000000080000000, 0x0000000100000000)
  region size 1024K, 192 young (196608K), 14 survivors (14336K)
 Metaspace       used 50310K, capacity 51685K, committed 51888K, reserved 1093632K
  class space    used 6388K, capacity 6885K, committed 6912K, reserved 1048576K
}
Event: 32.853 GC heap after
{Heap after GC invocations=63 (full 0):
 garbage-first heap   total 356352K, used 124667K [0x0000000080000000, 0x0000000100000000)
  region size 1024K, 14 young (14336K), 14 survivors (14336K)
 Metaspace       used 50310K, capacity 51685K, committed 51888K, reserved 1093632K
  class space    used 6388K, capacity 6885K, committed 6912K, reserved 1048576K
}
Event: 33.035 GC heap before
{Heap before GC invocations=63 (full 0):
 garbage-first heap   total 356352K, used 305915K [0x0000000080000000, 0x0000000100000000)
  region size 1024K, 191 young (195584K), 14 survivors (14336K)
 Metaspace       used 50310K, capacity 51685K, committed 51888K, reserved 1093632K
  class space    used 6388K, capacity 6885K, committed 6912K, reserved 1048576K
}
Event: 33.044 GC heap after
{Heap after GC invocations=64 (full 0):
 garbage-first heap   total 356352K, used 125720K [0x0000000080000000, 0x0000000100000000)
  region size 1024K, 14 young (14336K), 14 survivors (14336K)
 Metaspace       used 50310K, capacity 51685K, committed 51888K, reserved 1093632K
  class space    used 6388K, capacity 6885K, committed 6912K, reserved 1048576K
}
Event: 33.173 GC heap before
{Heap before GC invocations=64 (full 0):
 garbage-first heap   total 356352K, used 305944K [0x0000000080000000, 0x0000000100000000)
  region size 1024K, 190 young (194560K), 14 survivors (14336K)
 Metaspace       used 50310K, capacity 51685K, committed 51888K, reserved 1093632K
  class space    used 6388K, capacity 6885K, committed 6912K, reserved 1048576K
}
Event: 33.182 GC heap after
{Heap after GC invocations=65 (full 0):
 garbage-first heap   total 356352K, used 126979K [0x0000000080000000, 0x0000000100000000)
  region size 1024K, 13 young (13312K), 13 survivors (13312K)
 Metaspace       used 50310K, capacity 51685K, committed 51888K, reserved 1093632K
  class space    used 6388K, capacity 6885K, committed 6912K, reserved 1048576K
}
Event: 33.337 GC heap before
{Heap before GC invocations=65 (full 0):
 garbage-first heap   total 356352K, used 306179K [0x0000000080000000, 0x0000000100000000)
  region size 1024K, 188 young (192512K), 13 survivors (13312K)
 Metaspace       used 50317K, capacity 51689K, committed 51888K, reserved 1093632K
  class space    used 6388K, capacity 6885K, committed 6912K, reserved 1048576K
}
Event: 33.350 GC heap after
{Heap after GC invocations=66 (full 0):
 garbage-first heap   total 425984K, used 129333K [0x0000000080000000, 0x0000000100000000)
  region size 1024K, 13 young (13312K), 13 survivors (13312K)
 Metaspace       used 50317K, capacity 51689K, committed 51888K, reserved 1093632K
  class space    used 6388K, capacity 6885K, committed 6912K, reserved 1048576K
}
Event: 33.530 GC heap before
{Heap before GC invocations=66 (full 0):
 garbage-first heap   total 425984K, used 344373K [0x0000000080000000, 0x0000000100000000)
  region size 1024K, 223 young (228352K), 13 survivors (13312K)
 Metaspace       used 50318K, capacity 51689K, committed 51888K, reserved 1093632K
  class space    used 6388K, capacity 6885K, committed 6912K, reserved 1048576K
}
Event: 33.539 GC heap after
{Heap after GC invocations=67 (full 0):
 garbage-first heap   total 425984K, used 130869K [0x0000000080000000, 0x0000000100000000)
  region size 1024K, 15 young (15360K), 15 survivors (15360K)
 Metaspace       used 50318K, capacity 51689K, committed 51888K, reserved 1093632K
  class space    used 6388K, capacity 6885K, committed 6912K, reserved 1048576K
}
Event: 33.827 GC heap before
{Heap before GC invocations=67 (full 0):
 garbage-first heap   total 425984K, used 357173K [0x0000000080000000, 0x0000000100000000)
  region size 1024K, 231 young (236544K), 15 survivors (15360K)
 Metaspace       used 50318K, capacity 51689K, committed 51888K, reserved 1093632K
  class space    used 6388K, capacity 6885K, committed 6912K, reserved 1048576K
}
Event: 33.832 GC heap after
{Heap after GC invocations=68 (full 0):
 garbage-first heap   total 425984K, used 119093K [0x0000000080000000, 0x0000000100000000)
  region size 1024K, 9 young (9216K), 9 survivors (9216K)
 Metaspace       used 50318K, capacity 51689K, committed 51888K, reserved 1093632K
  class space    used 6388K, capacity 6885K, committed 6912K, reserved 1048576K
}
Event: 34.350 GC heap before
{Heap before GC invocations=68 (full 0):
 garbage-first heap   total 425984K, used 356661K [0x0000000080000000, 0x0000000100000000)
  region size 1024K, 241 young (246784K), 9 survivors (9216K)
 Metaspace       used 50319K, capacity 51689K, committed 51888K, reserved 1093632K
  class space    used 6388K, capacity 6885K, committed 6912K, reserved 1048576K
}

