# JRE version: OpenJDK Runtime Environment (11.0.15) (build 11.0.15+0-b2043.56-9505619)
# Java VM: OpenJDK 64-Bit Server VM (11.0.15+0-b2043.56-9505619, mixed mode, tiered, compressed oops, g1 gc, windows-amd64)
Heap:
 garbage-first heap   total 187392K, used 159549K [0x0000000080000000, 0x0000000100000000)
  region size 1024K, 87 young (89088K), 7 survivors (7168K)
 Metaspace       used 44348K, capacity 45513K, committed 45724K, reserved 1089536K
  class space    used 5612K, capacity 6028K, committed 6144K, reserved 1048576K
GC Heap History (20 events):
Event: 8.158 GC heap after
{Heap after GC invocations=15 (full 0):
 garbage-first heap   total 187392K, used 72460K [0x0000000080000000, 0x0000000100000000)
  region size 1024K, 2 young (2048K), 2 survivors (2048K)
 Metaspace       used 44335K, capacity 45513K, committed 45724K, reserved 1089536K
  class space    used 5612K, capacity 6028K, committed 6144K, reserved 1048576K
}
Event: 8.611 GC heap before
{Heap before GC invocations=15 (full 0):
 garbage-first heap   total 187392K, used 148236K [0x0000000080000000, 0x0000000100000000)
  region size 1024K, 76 young (77824K), 2 survivors (2048K)
 Metaspace       used 44341K, capacity 45513K, committed 45724K, reserved 1089536K
  class space    used 5612K, capacity 6028K, committed 6144K, reserved 1048576K
}
Event: 8.614 GC heap after
{Heap after GC invocations=16 (full 0):
 garbage-first heap   total 187392K, used 72906K [0x0000000080000000, 0x0000000100000000)
  region size 1024K, 2 young (2048K), 2 survivors (2048K)
 Metaspace       used 44341K, capacity 45513K, committed 45724K, reserved 1089536K
  class space    used 5612K, capacity 6028K, committed 6144K, reserved 1048576K
}
Event: 8.923 GC heap before
{Heap before GC invocations=16 (full 0):
 garbage-first heap   total 187392K, used 150730K [0x0000000080000000, 0x0000000100000000)
  region size 1024K, 78 young (79872K), 2 survivors (2048K)
 Metaspace       used 44342K, capacity 45513K, committed 45724K, reserved 1089536K
  class space    used 5612K, capacity 6028K, committed 6144K, reserved 1048576K
}
Event: 8.926 GC heap after
{Heap after GC invocations=17 (full 0):
 garbage-first heap   total 187392K, used 73392K [0x0000000080000000, 0x0000000100000000)
  region size 1024K, 3 young (3072K), 3 survivors (3072K)
 Metaspace       used 44342K, capacity 45513K, committed 45724K, reserved 1089536K
  class space    used 5612K, capacity 6028K, committed 6144K, reserved 1048576K
}
Event: 9.208 GC heap before
{Heap before GC invocations=17 (full 0):
 garbage-first heap   total 187392K, used 152240K [0x0000000080000000, 0x0000000100000000)
  region size 1024K, 80 young (81920K), 3 survivors (3072K)
 Metaspace       used 44343K, capacity 45513K, committed 45724K, reserved 1089536K
  class space    used 5612K, capacity 6028K, committed 6144K, reserved 1048576K
}
Event: 9.210 GC heap after
{Heap after GC invocations=18 (full 0):
 garbage-first heap   total 187392K, used 73978K [0x0000000080000000, 0x0000000100000000)
  region size 1024K, 3 young (3072K), 3 survivors (3072K)
 Metaspace       used 44343K, capacity 45513K, committed 45724K, reserved 1089536K
  class space    used 5612K, capacity 6028K, committed 6144K, reserved 1048576K
}
Event: 9.436 GC heap before
{Heap before GC invocations=18 (full 0):
 garbage-first heap   total 187392K, used 153850K [0x0000000080000000, 0x0000000100000000)
  region size 1024K, 81 young (82944K), 3 survivors (3072K)
 Metaspace       used 44343K, capacity 45513K, committed 45724K, reserved 1089536K
  class space    used 5612K, capacity 6028K, committed 6144K, reserved 1048576K
}
Event: 9.441 GC heap after
{Heap after GC invocations=19 (full 0):
 garbage-first heap   total 187392K, used 74715K [0x0000000080000000, 0x0000000100000000)
  region size 1024K, 4 young (4096K), 4 survivors (4096K)
 Metaspace       used 44343K, capacity 45513K, committed 45724K, reserved 1089536K
  class space    used 5612K, capacity 6028K, committed 6144K, reserved 1048576K
}
Event: 9.665 GC heap before
{Heap before GC invocations=19 (full 0):
 garbage-first heap   total 187392K, used 154587K [0x0000000080000000, 0x0000000100000000)
  region size 1024K, 82 young (83968K), 4 survivors (4096K)
 Metaspace       used 44344K, capacity 45513K, committed 45724K, reserved 1089536K
  class space    used 5612K, capacity 6028K, committed 6144K, reserved 1048576K
}
Event: 9.669 GC heap after
{Heap after GC invocations=20 (full 0):
 garbage-first heap   total 187392K, used 75364K [0x0000000080000000, 0x0000000100000000)
  region size 1024K, 5 young (5120K), 5 survivors (5120K)
 Metaspace       used 44344K, capacity 45513K, committed 45724K, reserved 1089536K
  class space    used 5612K, capacity 6028K, committed 6144K, reserved 1048576K
}
Event: 9.963 GC heap before
{Heap before GC invocations=20 (full 0):
 garbage-first heap   total 187392K, used 155236K [0x0000000080000000, 0x0000000100000000)
  region size 1024K, 83 young (84992K), 5 survivors (5120K)
 Metaspace       used 44344K, capacity 45513K, committed 45724K, reserved 1089536K
  class space    used 5612K, capacity 6028K, committed 6144K, reserved 1048576K
}
Event: 9.970 GC heap after
{Heap after GC invocations=21 (full 0):
 garbage-first heap   total 187392K, used 75777K [0x0000000080000000, 0x0000000100000000)
  region size 1024K, 5 young (5120K), 5 survivors (5120K)
 Metaspace       used 44344K, capacity 45513K, committed 45724K, reserved 1089536K
  class space    used 5612K, capacity 6028K, committed 6144K, reserved 1048576K
}
Event: 10.434 GC heap before
{Heap before GC invocations=21 (full 0):
 garbage-first heap   total 187392K, used 156673K [0x0000000080000000, 0x0000000100000000)
  region size 1024K, 84 young (86016K), 5 survivors (5120K)
 Metaspace       used 44344K, capacity 45513K, committed 45724K, reserved 1089536K
  class space    used 5612K, capacity 6028K, committed 6144K, reserved 1048576K
}
Event: 10.438 GC heap after
{Heap after GC invocations=22 (full 0):
 garbage-first heap   total 187392K, used 76076K [0x0000000080000000, 0x0000000100000000)
  region size 1024K, 5 young (5120K), 5 survivors (5120K)
 Metaspace       used 44344K, capacity 45513K, committed 45724K, reserved 1089536K
  class space    used 5612K, capacity 6028K, committed 6144K, reserved 1048576K
}
Event: 10.795 GC heap before
{Heap before GC invocations=22 (full 0):
 garbage-first heap   total 187392K, used 157996K [0x0000000080000000, 0x0000000100000000)
  region size 1024K, 85 young (87040K), 5 survivors (5120K)
 Metaspace       used 44346K, capacity 45513K, committed 45724K, reserved 1089536K
  class space    used 5612K, capacity 6028K, committed 6144K, reserved 1048576K
}
Event: 10.803 GC heap after
{Heap after GC invocations=23 (full 0):
 garbage-first heap   total 187392K, used 77013K [0x0000000080000000, 0x0000000100000000)
  region size 1024K, 6 young (6144K), 6 survivors (6144K)
 Metaspace       used 44346K, capacity 45513K, committed 45724K, reserved 1089536K
  class space    used 5612K, capacity 6028K, committed 6144K, reserved 1048576K
}
Event: 11.099 GC heap before
{Heap before GC invocations=23 (full 0):
 garbage-first heap   total 187392K, used 158933K [0x0000000080000000, 0x0000000100000000)
  region size 1024K, 86 young (88064K), 6 survivors (6144K)
 Metaspace       used 44348K, capacity 45513K, committed 45724K, reserved 1089536K
  class space    used 5612K, capacity 6028K, committed 6144K, reserved 1048576K
}
Event: 11.105 GC heap after
{Heap after GC invocations=24 (full 0):
 garbage-first heap   total 187392K, used 77629K [0x0000000080000000, 0x0000000100000000)
  region size 1024K, 7 young (7168K), 7 survivors (7168K)
 Metaspace       used 44348K, capacity 45513K, committed 45724K, reserved 1089536K
  class space    used 5612K, capacity 6028K, committed 6144K, reserved 1048576K
}
Event: 11.393 GC heap before
{Heap before GC invocations=24 (full 0):
 garbage-first heap   total 187392K, used 159549K [0x0000000080000000, 0x0000000100000000)
  region size 1024K, 87 young (89088K), 7 survivors (7168K)
 Metaspace       used 44348K, capacity 45513K, committed 45724K, reserved 1089536K
  class space    used 5612K, capacity 6028K, committed 6144K, reserved 1048576K
}

